  Proj.cpp
C:\Users\hoya6\source\repos\Main\Proj.cpp(17,36): warning C4305: '초기화 중': 'double'에서 'GLfloat'(으)로 잘립니다.
C:\Users\hoya6\source\repos\Main\Proj.cpp(17,41): warning C4305: '초기화 중': 'double'에서 'GLfloat'(으)로 잘립니다.
C:\Users\hoya6\source\repos\Main\Proj.cpp(19,36): warning C4305: '초기화 중': 'double'에서 'GLfloat'(으)로 잘립니다.
C:\Users\hoya6\source\repos\Main\Proj.cpp(19,41): warning C4305: '초기화 중': 'double'에서 'GLfloat'(으)로 잘립니다.
C:\Users\hoya6\source\repos\Main\Proj.cpp(22,33): warning C4305: '초기화 중': 'double'에서 'GLfloat'(으)로 잘립니다.
C:\Users\hoya6\source\repos\Main\Proj.cpp(22,38): warning C4305: '초기화 중': 'double'에서 'GLfloat'(으)로 잘립니다.
C:\Users\hoya6\source\repos\Main\Proj.cpp(22,43): warning C4305: '초기화 중': 'double'에서 'GLfloat'(으)로 잘립니다.
C:\Users\hoya6\source\repos\Main\Proj.cpp(23,33): warning C4305: '초기화 중': 'double'에서 'GLfloat'(으)로 잘립니다.
C:\Users\hoya6\source\repos\Main\Proj.cpp(23,38): warning C4305: '초기화 중': 'double'에서 'GLfloat'(으)로 잘립니다.
C:\Users\hoya6\source\repos\Main\Proj.cpp(23,43): warning C4305: '초기화 중': 'double'에서 'GLfloat'(으)로 잘립니다.
C:\Users\hoya6\source\repos\Main\Proj.cpp(107,27): warning C4244: '인수': 'int'에서 'GLfloat'(으)로 변환하면서 데이터가 손실될 수 있습니다.
C:\Users\hoya6\source\repos\Main\Proj.cpp(107,20): warning C4244: '인수': 'int'에서 'GLfloat'(으)로 변환하면서 데이터가 손실될 수 있습니다.
C:\Users\hoya6\source\repos\Main\Proj.cpp(109,28): warning C4305: '인수': 'double'에서 'GLfloat'(으)로 잘립니다.
C:\Users\hoya6\source\repos\Main\Proj.cpp(109,18): warning C4305: '인수': 'double'에서 'GLfloat'(으)로 잘립니다.
C:\Users\hoya6\source\repos\Main\Proj.cpp(115,28): warning C4305: '인수': 'double'에서 'GLfloat'(으)로 잘립니다.
C:\Users\hoya6\source\repos\Main\Proj.cpp(115,18): warning C4305: '인수': 'double'에서 'GLfloat'(으)로 잘립니다.
C:\Users\hoya6\source\repos\Main\Proj.cpp(121,29): warning C4305: '인수': 'double'에서 'GLfloat'(으)로 잘립니다.
C:\Users\hoya6\source\repos\Main\Proj.cpp(121,18): warning C4305: '인수': 'double'에서 'GLfloat'(으)로 잘립니다.
C:\Users\hoya6\source\repos\Main\Proj.cpp(127,29): warning C4305: '인수': 'double'에서 'GLfloat'(으)로 잘립니다.
C:\Users\hoya6\source\repos\Main\Proj.cpp(127,18): warning C4305: '인수': 'double'에서 'GLfloat'(으)로 잘립니다.
C:\Users\hoya6\source\repos\Main\Proj.cpp(133,23): warning C4305: '인수': 'double'에서 'GLfloat'(으)로 잘립니다.
C:\Users\hoya6\source\repos\Main\Proj.cpp(138,23): warning C4305: '인수': 'double'에서 'GLfloat'(으)로 잘립니다.
C:\Users\hoya6\source\repos\Main\Proj.cpp(142,23): warning C4305: '인수': 'double'에서 'GLfloat'(으)로 잘립니다.
C:\Users\hoya6\source\repos\Main\Proj.cpp(143,38): warning C4244: '인수': 'int'에서 'GLfloat'(으)로 변환하면서 데이터가 손실될 수 있습니다.
C:\Users\hoya6\source\repos\Main\Proj.cpp(143,29): warning C4244: '인수': 'int'에서 'GLfloat'(으)로 변환하면서 데이터가 손실될 수 있습니다.
C:\Users\hoya6\source\repos\Main\Proj.cpp(143,15): warning C4244: '인수': 'int'에서 'GLfloat'(으)로 변환하면서 데이터가 손실될 수 있습니다.
C:\Users\hoya6\source\repos\Main\Proj.cpp(148,19): warning C4305: '인수': 'double'에서 'GLfloat'(으)로 잘립니다.
C:\Users\hoya6\source\repos\Main\Proj.cpp(175,28): warning C4305: '인수': 'double'에서 'GLclampf'(으)로 잘립니다.
C:\Users\hoya6\source\repos\Main\Proj.cpp(175,23): warning C4305: '인수': 'double'에서 'GLclampf'(으)로 잘립니다.
C:\Users\hoya6\source\repos\Main\Proj.cpp(175,18): warning C4305: '인수': 'double'에서 'GLclampf'(으)로 잘립니다.
  Main.vcxproj -> C:\Users\hoya6\source\repos\GraphicPro\x64\Debug\Main.exe
  'pwsh.exe'은(는) 내부 또는 외부 명령, 실행할 수 있는 프로그램, 또는
  배치 파일이 아닙니다.
